[20:46:42] [ServerMain/INFO]: Environment: Environment[sessionHost=https://sessionserver.mojang.com, servicesHost=https://api.minecraftservices.com, name=PROD]
[20:46:42] [ServerMain/INFO]: Found new data pack file/bukkit, loading it automatically
[20:46:43] [ServerMain/INFO]: No existing world data, creating new world
[20:46:43] [ServerMain/INFO]: Loaded 1370 recipes
[20:46:44] [Server thread/INFO]: Starting minecraft server version 1.21.4
[20:46:44] [Server thread/INFO]: Loading properties
[20:46:44] [Server thread/INFO]: This server is running CraftBukkit version 4418-Spigot-aa7842e-fa10c50 (MC: 1.21.4) (Implementing API version 1.21.4-R0.1-SNAPSHOT)
[20:46:45] [Server thread/INFO]: *** This version of Spigot contains changes to some enums. If you notice that plugins no longer work after updating, please report this to the developers of those plugins first. ***
[20:46:45] [Server thread/INFO]: *** If you cannot update those plugins, you can try setting `settings.compatibility.enum-compatibility-mode` to `true` in `bukkit.yml`. ***
[20:46:45] [Server thread/INFO]: Debug logging is disabled
[20:46:45] [Server thread/INFO]: Server Ping Player Sample Count: 12
[20:46:45] [Server thread/INFO]: Using 4 threads for Netty based IO
[20:46:45] [Server thread/INFO]: Default game type: SURVIVAL
[20:46:45] [Server thread/INFO]: Generating keypair
[20:46:45] [Server thread/INFO]: Starting Minecraft server on *:25565
[20:46:45] [Server thread/INFO]: Using default channel type
[20:46:46] [Server thread/INFO]: Preparing level "world"
[20:46:46] [Server thread/INFO]: -------- World Settings For [world] --------
[20:46:46] [Server thread/INFO]: Mob Spawn Range: 6
[20:46:46] [Server thread/INFO]: Cactus Growth Modifier: 100%
[20:46:46] [Server thread/INFO]: Cane Growth Modifier: 100%
[20:46:46] [Server thread/INFO]: Melon Growth Modifier: 100%
[20:46:46] [Server thread/INFO]: Mushroom Growth Modifier: 100%
[20:46:46] [Server thread/INFO]: Pumpkin Growth Modifier: 100%
[20:46:46] [Server thread/INFO]: Sapling Growth Modifier: 100%
[20:46:46] [Server thread/INFO]: Beetroot Growth Modifier: 100%
[20:46:46] [Server thread/INFO]: Carrot Growth Modifier: 100%
[20:46:46] [Server thread/INFO]: Potato Growth Modifier: 100%
[20:46:46] [Server thread/INFO]: Wheat Growth Modifier: 100%
[20:46:46] [Server thread/INFO]: NetherWart Growth Modifier: 100%
[20:46:46] [Server thread/INFO]: Vine Growth Modifier: 100%
[20:46:46] [Server thread/INFO]: Cocoa Growth Modifier: 100%
[20:46:46] [Server thread/INFO]: Bamboo Growth Modifier: 100%
[20:46:46] [Server thread/INFO]: SweetBerry Growth Modifier: 100%
[20:46:46] [Server thread/INFO]: Kelp Growth Modifier: 100%
[20:46:46] [Server thread/INFO]: TwistingVines Growth Modifier: 100%
[20:46:46] [Server thread/INFO]: WeepingVines Growth Modifier: 100%
[20:46:46] [Server thread/INFO]: CaveVines Growth Modifier: 100%
[20:46:46] [Server thread/INFO]: Tile Max Tick Time: 50ms Entity max Tick Time: 50ms
[20:46:46] [Server thread/INFO]: Max TNT Explosions: 100
[20:46:46] [Server thread/INFO]: Entity Activation Range: An 32 / Mo 32 / Ra 48 / Mi 16 / Tiv true / Isa false
[20:46:46] [Server thread/INFO]: Entity Tracking Range: Pl 48 / An 48 / Mo 48 / Mi 32 / Di 128 / Other 64
[20:46:46] [Server thread/INFO]: Custom Map Seeds:  Village: 10387312 Desert: 14357617 Igloo: 14357618 Jungle: 14357619 Swamp: 14357620 Monument: 10387313 Ocean: 14357621 Shipwreck: 165745295 End City: 10387313 Slime: 987234911 Nether: 30084232 Mansion: 10387319 Fossil: 14357921 Portal: 34222645
[20:46:46] [Server thread/INFO]: Allow Zombie Pigmen to spawn from portal blocks: true
[20:46:46] [Server thread/INFO]: Item Merge Radius: 2.5
[20:46:46] [Server thread/INFO]: Arrow Despawn Rate: 1200 Trident Respawn Rate:1200
[20:46:46] [Server thread/INFO]: Item Despawn Rate: 6000
[20:46:46] [Server thread/INFO]: View Distance: 10
[20:46:46] [Server thread/INFO]: Simulation Distance: 10
[20:46:46] [Server thread/INFO]: Zombie Aggressive Towards Villager: true
[20:46:46] [Server thread/INFO]: Hopper Transfer: 8 Hopper Check: 1 Hopper Amount: 1 Hopper Can Load Chunks: false
[20:46:46] [Server thread/INFO]: Experience Merge Radius: 3.0
[20:46:46] [Server thread/INFO]: Nerfing mobs spawned from spawners: false
[20:46:52] [Server thread/INFO]: -------- World Settings For [world_nether] --------
[20:46:52] [Server thread/INFO]: Mob Spawn Range: 6
[20:46:52] [Server thread/INFO]: Cactus Growth Modifier: 100%
[20:46:52] [Server thread/INFO]: Cane Growth Modifier: 100%
[20:46:52] [Server thread/INFO]: Melon Growth Modifier: 100%
[20:46:52] [Server thread/INFO]: Mushroom Growth Modifier: 100%
[20:46:52] [Server thread/INFO]: Pumpkin Growth Modifier: 100%
[20:46:52] [Server thread/INFO]: Sapling Growth Modifier: 100%
[20:46:52] [Server thread/INFO]: Beetroot Growth Modifier: 100%
[20:46:52] [Server thread/INFO]: Carrot Growth Modifier: 100%
[20:46:52] [Server thread/INFO]: Potato Growth Modifier: 100%
[20:46:52] [Server thread/INFO]: Wheat Growth Modifier: 100%
[20:46:52] [Server thread/INFO]: NetherWart Growth Modifier: 100%
[20:46:52] [Server thread/INFO]: Vine Growth Modifier: 100%
[20:46:52] [Server thread/INFO]: Cocoa Growth Modifier: 100%
[20:46:52] [Server thread/INFO]: Bamboo Growth Modifier: 100%
[20:46:52] [Server thread/INFO]: SweetBerry Growth Modifier: 100%
[20:46:52] [Server thread/INFO]: Kelp Growth Modifier: 100%
[20:46:52] [Server thread/INFO]: TwistingVines Growth Modifier: 100%
[20:46:52] [Server thread/INFO]: WeepingVines Growth Modifier: 100%
[20:46:52] [Server thread/INFO]: CaveVines Growth Modifier: 100%
[20:46:52] [Server thread/INFO]: Tile Max Tick Time: 50ms Entity max Tick Time: 50ms
[20:46:52] [Server thread/INFO]: Max TNT Explosions: 100
[20:46:52] [Server thread/INFO]: Entity Activation Range: An 32 / Mo 32 / Ra 48 / Mi 16 / Tiv true / Isa false
[20:46:52] [Server thread/INFO]: Entity Tracking Range: Pl 48 / An 48 / Mo 48 / Mi 32 / Di 128 / Other 64
[20:46:52] [Server thread/INFO]: Custom Map Seeds:  Village: 10387312 Desert: 14357617 Igloo: 14357618 Jungle: 14357619 Swamp: 14357620 Monument: 10387313 Ocean: 14357621 Shipwreck: 165745295 End City: 10387313 Slime: 987234911 Nether: 30084232 Mansion: 10387319 Fossil: 14357921 Portal: 34222645
[20:46:52] [Server thread/INFO]: Allow Zombie Pigmen to spawn from portal blocks: true
[20:46:52] [Server thread/INFO]: Item Merge Radius: 2.5
[20:46:52] [Server thread/INFO]: Arrow Despawn Rate: 1200 Trident Respawn Rate:1200
[20:46:52] [Server thread/INFO]: Item Despawn Rate: 6000
[20:46:52] [Server thread/INFO]: View Distance: 10
[20:46:52] [Server thread/INFO]: Simulation Distance: 10
[20:46:52] [Server thread/INFO]: Zombie Aggressive Towards Villager: true
[20:46:52] [Server thread/INFO]: Hopper Transfer: 8 Hopper Check: 1 Hopper Amount: 1 Hopper Can Load Chunks: false
[20:46:52] [Server thread/INFO]: Experience Merge Radius: 3.0
[20:46:52] [Server thread/INFO]: Nerfing mobs spawned from spawners: false
[20:46:55] [Server thread/INFO]: -------- World Settings For [world_the_end] --------
[20:46:55] [Server thread/INFO]: Mob Spawn Range: 6
[20:46:55] [Server thread/INFO]: Cactus Growth Modifier: 100%
[20:46:55] [Server thread/INFO]: Cane Growth Modifier: 100%
[20:46:55] [Server thread/INFO]: Melon Growth Modifier: 100%
[20:46:55] [Server thread/INFO]: Mushroom Growth Modifier: 100%
[20:46:55] [Server thread/INFO]: Pumpkin Growth Modifier: 100%
[20:46:55] [Server thread/INFO]: Sapling Growth Modifier: 100%
[20:46:55] [Server thread/INFO]: Beetroot Growth Modifier: 100%
[20:46:55] [Server thread/INFO]: Carrot Growth Modifier: 100%
[20:46:55] [Server thread/INFO]: Potato Growth Modifier: 100%
[20:46:55] [Server thread/INFO]: Wheat Growth Modifier: 100%
[20:46:55] [Server thread/INFO]: NetherWart Growth Modifier: 100%
[20:46:55] [Server thread/INFO]: Vine Growth Modifier: 100%
[20:46:55] [Server thread/INFO]: Cocoa Growth Modifier: 100%
[20:46:55] [Server thread/INFO]: Bamboo Growth Modifier: 100%
[20:46:55] [Server thread/INFO]: SweetBerry Growth Modifier: 100%
[20:46:55] [Server thread/INFO]: Kelp Growth Modifier: 100%
[20:46:55] [Server thread/INFO]: TwistingVines Growth Modifier: 100%
[20:46:55] [Server thread/INFO]: WeepingVines Growth Modifier: 100%
[20:46:55] [Server thread/INFO]: CaveVines Growth Modifier: 100%
[20:46:55] [Server thread/INFO]: Tile Max Tick Time: 50ms Entity max Tick Time: 50ms
[20:46:55] [Server thread/INFO]: Max TNT Explosions: 100
[20:46:55] [Server thread/INFO]: Entity Activation Range: An 32 / Mo 32 / Ra 48 / Mi 16 / Tiv true / Isa false
[20:46:55] [Server thread/INFO]: Entity Tracking Range: Pl 48 / An 48 / Mo 48 / Mi 32 / Di 128 / Other 64
[20:46:55] [Server thread/INFO]: Custom Map Seeds:  Village: 10387312 Desert: 14357617 Igloo: 14357618 Jungle: 14357619 Swamp: 14357620 Monument: 10387313 Ocean: 14357621 Shipwreck: 165745295 End City: 10387313 Slime: 987234911 Nether: 30084232 Mansion: 10387319 Fossil: 14357921 Portal: 34222645
[20:46:55] [Server thread/INFO]: Allow Zombie Pigmen to spawn from portal blocks: true
[20:46:55] [Server thread/INFO]: Item Merge Radius: 2.5
[20:46:55] [Server thread/INFO]: Arrow Despawn Rate: 1200 Trident Respawn Rate:1200
[20:46:55] [Server thread/INFO]: Item Despawn Rate: 6000
[20:46:55] [Server thread/INFO]: View Distance: 10
[20:46:55] [Server thread/INFO]: Simulation Distance: 10
[20:46:55] [Server thread/INFO]: Zombie Aggressive Towards Villager: true
[20:46:55] [Server thread/INFO]: Hopper Transfer: 8 Hopper Check: 1 Hopper Amount: 1 Hopper Can Load Chunks: false
[20:46:55] [Server thread/INFO]: Experience Merge Radius: 3.0
[20:46:55] [Server thread/INFO]: Nerfing mobs spawned from spawners: false
[20:46:57] [Server thread/INFO]: Preparing start region for dimension minecraft:overworld
[20:46:58] [Worker-Main-3/INFO]: Preparing spawn area: 2%
[20:46:58] [Worker-Main-3/INFO]: Preparing spawn area: 2%
[20:46:59] [Worker-Main-3/INFO]: Preparing spawn area: 18%
[20:46:59] [Worker-Main-11/INFO]: Preparing spawn area: 18%
[20:46:59] [Worker-Main-11/INFO]: Preparing spawn area: 51%
[20:47:00] [Worker-Main-4/INFO]: Preparing spawn area: 51%
[20:47:00] [Server thread/INFO]: Time elapsed: 2884 ms
[20:47:00] [Server thread/INFO]: Preparing start region for dimension minecraft:the_nether
[20:47:00] [Worker-Main-6/INFO]: Preparing spawn area: 2%
[20:47:01] [Worker-Main-11/INFO]: Preparing spawn area: 18%
[20:47:01] [Worker-Main-10/INFO]: Preparing spawn area: 51%
[20:47:02] [Server thread/INFO]: Time elapsed: 1465 ms
[20:47:02] [Server thread/INFO]: Preparing start region for dimension minecraft:the_end
[20:47:02] [Worker-Main-7/INFO]: Preparing spawn area: 2%
[20:47:02] [Server thread/INFO]: Time elapsed: 352 ms
[20:47:02] [Server thread/INFO]: Done (16.642s)! For help, type "help"
[20:48:02] [Server thread/INFO]: Server empty for 60 seconds, pausing
[20:48:40] [User Authenticator #1/INFO]: UUID of player Anubis245 is 9a5eebd0-196b-4544-8ef2-ca7b62db5a09
[20:48:41] [Server thread/INFO]: Anubis245 joined the game
[20:48:41] [Server thread/INFO]: Anubis245[/127.0.0.1:56328] logged in with entity id 50 at ([world]86.5, 78.0, 374.5)
[20:48:56] [Server thread/INFO]: Anubis245 lost connection: Disconnected
[20:48:56] [Server thread/INFO]: Anubis245 left the game
[20:49:02] [Server thread/INFO]: Stopping server
[20:49:02] [Server thread/INFO]: Saving players
[20:49:02] [Server thread/INFO]: Saving worlds
[20:49:02] [Server thread/INFO]: Saving chunks for level 'ServerLevel[world]'/minecraft:overworld
[20:49:03] [Server thread/INFO]: Saving chunks for level 'ServerLevel[world_nether]'/minecraft:the_nether
[20:49:03] [Server thread/INFO]: Saving chunks for level 'ServerLevel[world_the_end]'/minecraft:the_end
[20:49:03] [Server thread/INFO]: ThreadedAnvilChunkStorage (world): All chunks are saved
[20:49:03] [Server thread/INFO]: ThreadedAnvilChunkStorage (DIM-1): All chunks are saved
[20:49:03] [Server thread/INFO]: ThreadedAnvilChunkStorage (DIM1): All chunks are saved
[20:49:03] [Server thread/INFO]: ThreadedAnvilChunkStorage: All dimensions are saved
